The system is: Windows - 10.0.17763 - AMD64
Compiling the C compiler identification source file "CMakeCCompilerId.c" succeeded.
Compiler: D:/Microsoft/VisualStudio/application/VC/Tools/MSVC/14.22.27905/bin/Hostx64/x64/cl.exe 
Build flags: 
Id flags:  

The output was:
0
用于 x64 的 Microsoft (R) C/C++ 优化编译器 19.22.27905 版
版权所有(C) Microsoft Corporation。保留所有权利。

CMakeCCompilerId.c
Microsoft (R) Incremental Linker Version 14.22.27905.0
Copyright (C) Microsoft Corporation.  All rights reserved.

/out:CMakeCCompilerId.exe 
CMakeCCompilerId.obj 


Compilation of the C compiler identification source "CMakeCCompilerId.c" produced "CMakeCCompilerId.exe"

Compilation of the C compiler identification source "CMakeCCompilerId.c" produced "CMakeCCompilerId.obj"

The C compiler identification is MSVC, found in "F:/Experiment/OpenGL/final term/期末大作业/期末大作业/大作业代码/build/CMakeFiles/3.15.3/CompilerIdC/CMakeCCompilerId.exe"

Compiling the CXX compiler identification source file "CMakeCXXCompilerId.cpp" succeeded.
Compiler: D:/Microsoft/VisualStudio/application/VC/Tools/MSVC/14.22.27905/bin/Hostx64/x64/cl.exe 
Build flags: 
Id flags:  

The output was:
0
用于 x64 的 Microsoft (R) C/C++ 优化编译器 19.22.27905 版
版权所有(C) Microsoft Corporation。保留所有权利。

CMakeCXXCompilerId.cpp
Microsoft (R) Incremental Linker Version 14.22.27905.0
Copyright (C) Microsoft Corporation.  All rights reserved.

/out:CMakeCXXCompilerId.exe 
CMakeCXXCompilerId.obj 


Compilation of the CXX compiler identification source "CMakeCXXCompilerId.cpp" produced "CMakeCXXCompilerId.exe"

Compilation of the CXX compiler identification source "CMakeCXXCompilerId.cpp" produced "CMakeCXXCompilerId.obj"

The CXX compiler identification is MSVC, found in "F:/Experiment/OpenGL/final term/期末大作业/期末大作业/大作业代码/build/CMakeFiles/3.15.3/CompilerIdCXX/CMakeCXXCompilerId.exe"

Determining if the C compiler works passed with the following output:
Change Dir: F:/Experiment/OpenGL/final term/期末大作业/期末大作业/大作业代码/build/CMakeFiles/CMakeTmp

Run Build Command(s):D:/Anaconda/Library/bin/ninja.exe cmTC_8124c && [1/2] Building C object CMakeFiles\cmTC_8124c.dir\testCCompiler.c.obj
[2/2] Linking C executable cmTC_8124c.exe



Detecting C compiler ABI info compiled with the following output:
Change Dir: F:/Experiment/OpenGL/final term/期末大作业/期末大作业/大作业代码/build/CMakeFiles/CMakeTmp

Run Build Command(s):D:/Anaconda/Library/bin/ninja.exe cmTC_ea8ba && [1/2] Building C object CMakeFiles\cmTC_ea8ba.dir\CMakeCCompilerABI.c.obj
[2/2] Linking C executable cmTC_ea8ba.exe



Determining if the CXX compiler works passed with the following output:
Change Dir: F:/Experiment/OpenGL/final term/期末大作业/期末大作业/大作业代码/build/CMakeFiles/CMakeTmp

Run Build Command(s):D:/Anaconda/Library/bin/ninja.exe cmTC_01aac && [1/2] Building CXX object CMakeFiles\cmTC_01aac.dir\testCXXCompiler.cxx.obj
[2/2] Linking CXX executable cmTC_01aac.exe



Detecting CXX compiler ABI info compiled with the following output:
Change Dir: F:/Experiment/OpenGL/final term/期末大作业/期末大作业/大作业代码/build/CMakeFiles/CMakeTmp

Run Build Command(s):D:/Anaconda/Library/bin/ninja.exe cmTC_235d2 && [1/2] Building CXX object CMakeFiles\cmTC_235d2.dir\CMakeCXXCompilerABI.cpp.obj
[2/2] Linking CXX executable cmTC_235d2.exe



